<?xml version="1.0" encoding="UTF-8"?>
<!-- Generated by org.testng.reporters.JUnitReportReporter -->
<testsuite hostname="MacBook-Air.local" failures="0" tests="4" name="Runners.testRunner" time="90.362" errors="0" timestamp="2024-07-10T10:16:55 IST" skipped="0">
  <testcase classname="Runners.testRunner" name="runScenario" time="14.905"/>
  <testcase classname="Runners.testRunner" name="runScenario" time="37.548"/>
  <testcase classname="Runners.testRunner" name="runScenario" time="19.622"/>
  <testcase classname="Runners.testRunner" name="runScenario" time="18.287"/>
</testsuite> <!-- Runners.testRunner -->
